e:\计算机视觉\cv experiment 1\cv experiment 1 code\任务3 多线程图像处理基础\experimentimg\experimentimg\x64\release\experimentimg.pch
e:\计算机视觉\cv experiment 1\cv experiment 1 code\任务3 多线程图像处理基础\experimentimg\experimentimg\x64\release\vc141.pdb
e:\计算机视觉\cv experiment 1\cv experiment 1 code\任务3 多线程图像处理基础\experimentimg\experimentimg\x64\release\stdafx.obj
e:\计算机视觉\cv experiment 1\cv experiment 1 code\任务3 多线程图像处理基础\experimentimg\experimentimg\x64\release\tab3.obj
e:\计算机视觉\cv experiment 1\cv experiment 1 code\任务3 多线程图像处理基础\experimentimg\experimentimg\x64\release\tab2.obj
e:\计算机视觉\cv experiment 1\cv experiment 1 code\任务3 多线程图像处理基础\experimentimg\experimentimg\x64\release\tab1.obj
e:\计算机视觉\cv experiment 1\cv experiment 1 code\任务3 多线程图像处理基础\experimentimg\experimentimg\x64\release\imageprocess.obj
e:\计算机视觉\cv experiment 1\cv experiment 1 code\任务3 多线程图像处理基础\experimentimg\experimentimg\x64\release\experimentimgdlg.obj
e:\计算机视觉\cv experiment 1\cv experiment 1 code\任务3 多线程图像处理基础\experimentimg\experimentimg\x64\release\experimentimg.obj
e:\计算机视觉\cv experiment 1\cv experiment 1 code\任务3 多线程图像处理基础\experimentimg\x64\release\experimentimg.ipdb
e:\计算机视觉\cv experiment 1\cv experiment 1 code\任务3 多线程图像处理基础\experimentimg\x64\release\experimentimg.iobj
e:\计算机视觉\cv experiment 1\cv experiment 1 code\任务3 多线程图像处理基础\experimentimg\x64\release\experimentimg.exe
e:\计算机视觉\cv experiment 1\cv experiment 1 code\任务3 多线程图像处理基础\experimentimg\x64\release\experimentimg.pdb
e:\计算机视觉\cv experiment 1\cv experiment 1 code\任务3 多线程图像处理基础\experimentimg\experimentimg\x64\release\experimentimg.res
e:\计算机视觉\cv experiment 1\cv experiment 1 code\任务3 多线程图像处理基础\experimentimg\experimentimg\x64\release\experimentimg.tlog\cl.command.1.tlog
e:\计算机视觉\cv experiment 1\cv experiment 1 code\任务3 多线程图像处理基础\experimentimg\experimentimg\x64\release\experimentimg.tlog\cl.read.1.tlog
e:\计算机视觉\cv experiment 1\cv experiment 1 code\任务3 多线程图像处理基础\experimentimg\experimentimg\x64\release\experimentimg.tlog\cl.write.1.tlog
e:\计算机视觉\cv experiment 1\cv experiment 1 code\任务3 多线程图像处理基础\experimentimg\experimentimg\x64\release\experimentimg.tlog\experimentimg.write.1u.tlog
e:\计算机视觉\cv experiment 1\cv experiment 1 code\任务3 多线程图像处理基础\experimentimg\experimentimg\x64\release\experimentimg.tlog\link.command.1.tlog
e:\计算机视觉\cv experiment 1\cv experiment 1 code\任务3 多线程图像处理基础\experimentimg\experimentimg\x64\release\experimentimg.tlog\link.read.1.tlog
e:\计算机视觉\cv experiment 1\cv experiment 1 code\任务3 多线程图像处理基础\experimentimg\experimentimg\x64\release\experimentimg.tlog\link.write.1.tlog
e:\计算机视觉\cv experiment 1\cv experiment 1 code\任务3 多线程图像处理基础\experimentimg\experimentimg\x64\release\experimentimg.tlog\rc.command.1.tlog
e:\计算机视觉\cv experiment 1\cv experiment 1 code\任务3 多线程图像处理基础\experimentimg\experimentimg\x64\release\experimentimg.tlog\rc.read.1.tlog
e:\计算机视觉\cv experiment 1\cv experiment 1 code\任务3 多线程图像处理基础\experimentimg\experimentimg\x64\release\experimentimg.tlog\rc.write.1.tlog
